<?xml version="1.0" encoding="UTF-8"?>
<Injection xmlns="http://code.lecousin.net/java/net.lecousin.framework.injection/0.1">

	<property name="pastis" value="51"/>
	<property name="a property" value="a value"></property>

	<Singleton type="net.lecousin.framework.injection.test.simple.IMySingleton">
		<class name="net.lecousin.framework.injection.test.simple.MySingletonDev">
			<property name="env" value="DEV"/>
			<attribute name="myString" value="I'm in development"/>
			<attribute name="myInteger" value="1"/>
			<attribute name="testNull" ref="wrong"/>
		</class>
		<class name="net.lecousin.framework.injection.test.simple.MySingletonProd">
			<property name="env" value="PROD"/>
			<attribute name="myString" value="I'm in production"/>
			<attribute name="myInteger" value="2"/>
		</class>
	</Singleton>
	
	<Factory type="net.lecousin.framework.injection.test.simple.IProvided">
		<class name="net.lecousin.framework.injection.test.simple.ProvidedDev">
			<property name="env" value="DEV"/>
			<attribute name="env" value="${env}"/>
		</class>
		<class name="net.lecousin.framework.injection.test.simple.ProvidedProd">
			<property name="env" value="PROD"/>
			<attribute name="env" value="${env}"/>
		</class>
	</Factory>

	<Singleton id="toto" type="net.lecousin.framework.injection.test.simple.IToto">
		<class name="net.lecousin.framework.injection.test.simple.TotoDev">
			<property name="env" value="DEV"/>
			<attribute name="tata" class="net.lecousin.framework.injection.test.simple.TataDev">
				<parameter value="this is the string in dev"/>
				<parameter value="${pastis}"/>
			</attribute>
		</class>
		<class name="net.lecousin.framework.injection.test.simple.TotoProd">
			<property name="env" value="PROD"/>
			<attribute name="tata" class="net.lecousin.framework.injection.test.simple.TataProd">
				<parameter value="this is the string in prod"/>
				<parameter value="-52"/>
			</attribute>
		</class>
	</Singleton>

	<Singleton id="titi" type="net.lecousin.framework.injection.test.simple.ITiti">
		<class name="net.lecousin.framework.injection.test.simple.TitiDev">
			<property name="env" value="DEV"/>
			<attribute name="toto" ref="toto"/>
			<attribute name="tata" fromSingleton="toto" fromAttribute="tata"/>
		</class>
		<class name="net.lecousin.framework.injection.test.simple.TitiProd">
			<property name="env" value="PROD"/>
			<attribute name="toto" ref="toto"/>
			<attribute name="tata" fromSingleton="toto" fromAttribute="tata"/>
			<attribute name="provided" class="net.lecousin.framework.injection.test.simple.ProvidedProd">
				<attribute name="env" value="TEST"/>
			</attribute>
		</class>
	</Singleton>
	
	<Singleton id="with-deps">
		<class name="net.lecousin.framework.injection.test.simple.WithDependencies">
			<init-method name="init">
				<parameter value="123"/>
			</init-method>
		</class>
	</Singleton>
	
</Injection>
