<?xml version="1.0" encoding="UTF-8"?>
<Injection xmlns="http://code.lecousin.net/java/net.lecousin.framework.injection/0.1">

	<scan-package package="net.lecousin.framework.injection.test.annotations"/>
	
</Injection>
