<?xml version="1.0" encoding="UTF-8"?>
<Injection xmlns="http://code.lecousin.net/java/net.lecousin.framework.injection/0.1">

	<scan-package package="net.lecousin.framework.injection.test.annotations"/>
	
	<scan-package package="net.lecousin.framework.injection.test.annotations.dev">
		<property name="env" value="DEV"/>
	</scan-package>

	<scan-package package="net.lecousin.framework.injection.test.annotations.prod">
		<property name="env" value="PROD"/>
	</scan-package>
	
	<Singleton>
		<class name="net.lecousin.framework.injection.test.annotations.noscan.TestDev"/>
		<class name="net.lecousin.framework.injection.test.annotations.noscan.TestProd"/>
	</Singleton>
	
</Injection>
